Сборка начата 05.04.2016 21:10:49.
     1>Проект "C:\Users\Максимка\Work\mp2-lab4-polinom\sln\vc9\WinForm\WinForm.vcxproj" в узле 2 (целевые объекты Build).
     1>Link:
         C:\Program Files (x86)\Microsoft Visual Studio 12.0\VC\bin\link.exe /ERRORREPORT:PROMPT /OUT:"C:\Users\Максимка\Work\mp2-lab4-polinom\sln\vc9\Debug\WinForm.exe" /INCREMENTAL /NOLOGO /ASSEMBLYRESOURCE:Debug\WinForm.MyForm.resources /MANIFEST /MANIFESTUAC:"level='asInvoker' uiAccess='false'" /manifest:embed /DEBUG /PDB:"C:\Users\Максимка\Work\mp2-lab4-polinom\sln\vc9\Debug\WinForm.pdb" /ASSEMBLYDEBUG /SUBSYSTEM:WINDOWS /TLBID:1 /ENTRY:"Main" /DYNAMICBASE /FIXED:NO /NXCOMPAT /MACHINE:X86 Debug\MyForm.obj
         "Debug\.NETFramework,Version=v4.5.AssemblyAttributes.obj"
     1>MyForm.obj : error LNK2028: ёё√ыър эр эхЁрчЁх°хээє■ ыхъёхьє (0A000528) "class std::basic_ostream<char,struct std::char_traits<char> > & __cdecl operator<<(class std::basic_ostream<char,struct std::char_traits<char> > &,class Polinom &)" (??6@$$FYAAAV?$basic_ostream@DU?$char_traits@D@std@@@std@@AAV01@AAVPolinom@@@Z) т ЇєэъЎшш "private: void __clrcall WinForm::MyForm::button1_Click(class System::Object ^,class System::EventArgs ^)" (?button1_Click@MyForm@WinForm@@$$FA$AAMXP$AAVObject@System@@P$AAVEventArgs@4@@Z)
     1>MyForm.obj : error LNK2028: ёё√ыър эр эхЁрчЁх°хээє■ ыхъёхьє (0A000546) "public: __thiscall Polinom::Polinom(class Polinom const &)" (??0Polinom@@$$FQAE@ABV0@@Z) т ЇєэъЎшш "private: void __clrcall WinForm::MyForm::button5_Click(class System::Object ^,class System::EventArgs ^)" (?button5_Click@MyForm@WinForm@@$$FA$AAMXP$AAVObject@System@@P$AAVEventArgs@4@@Z)
     1>MyForm.obj : error LNK2028: ёё√ыър эр эхЁрчЁх°хээє■ ыхъёхьє (0A000547) "public: __thiscall Polinom::Polinom(void)" (??0Polinom@@$$FQAE@XZ) т ЇєэъЎшш "private: void __clrcall WinForm::MyForm::MyForm_Load(class System::Object ^,class System::EventArgs ^)" (?MyForm_Load@MyForm@WinForm@@$$FA$AAMXP$AAVObject@System@@P$AAVEventArgs@4@@Z)
     1>MyForm.obj : error LNK2028: ёё√ыър эр эхЁрчЁх°хээє■ ыхъёхьє (0A000548) "public: __thiscall Polinom::~Polinom(void)" (??1Polinom@@$$FQAE@XZ) т ЇєэъЎшш "private: void __clrcall WinForm::MyForm::button5_Click(class System::Object ^,class System::EventArgs ^)" (?button5_Click@MyForm@WinForm@@$$FA$AAMXP$AAVObject@System@@P$AAVEventArgs@4@@Z)
     1>MyForm.obj : error LNK2028: ёё√ыър эр эхЁрчЁх°хээє■ ыхъёхьє (0A000549) "public: void __thiscall Polinom::AddElem(double,int)" (?AddElem@Polinom@@$$FQAEXNH@Z) т ЇєэъЎшш "private: void __clrcall WinForm::MyForm::button1_Click(class System::Object ^,class System::EventArgs ^)" (?button1_Click@MyForm@WinForm@@$$FA$AAMXP$AAVObject@System@@P$AAVEventArgs@4@@Z)
     1>MyForm.obj : error LNK2028: ёё√ыър эр эхЁрчЁх°хээє■ ыхъёхьє (0A00054A) "public: class Polinom & __thiscall Polinom::operator+(class Polinom const &)const " (??HPolinom@@$$FQBEAAV0@ABV0@@Z) т ЇєэъЎшш "private: void __clrcall WinForm::MyForm::button5_Click(class System::Object ^,class System::EventArgs ^)" (?button5_Click@MyForm@WinForm@@$$FA$AAMXP$AAVObject@System@@P$AAVEventArgs@4@@Z)
     1>MyForm.obj : error LNK2028: ёё√ыър эр эхЁрчЁх°хээє■ ыхъёхьє (0A00054B) "public: class Polinom & __thiscall Polinom::operator-(class Polinom const &)const " (??GPolinom@@$$FQBEAAV0@ABV0@@Z) т ЇєэъЎшш "private: void __clrcall WinForm::MyForm::button6_Click(class System::Object ^,class System::EventArgs ^)" (?button6_Click@MyForm@WinForm@@$$FA$AAMXP$AAVObject@System@@P$AAVEventArgs@4@@Z)
     1>MyForm.obj : error LNK2028: ёё√ыър эр эхЁрчЁх°хээє■ ыхъёхьє (0A00054C) "public: class Polinom & __thiscall Polinom::operator*(class Polinom const &)const " (??DPolinom@@$$FQBEAAV0@ABV0@@Z) т ЇєэъЎшш "private: void __clrcall WinForm::MyForm::button7_Click(class System::Object ^,class System::EventArgs ^)" (?button7_Click@MyForm@WinForm@@$$FA$AAMXP$AAVObject@System@@P$AAVEventArgs@4@@Z)
     1>MyForm.obj : error LNK2019: ёё√ыър эр эхЁрчЁх°хээ√щ тэх°эшщ ёшьтюы "public: __thiscall Polinom::Polinom(void)" (??0Polinom@@$$FQAE@XZ) т ЇєэъЎшш "private: void __clrcall WinForm::MyForm::MyForm_Load(class System::Object ^,class System::EventArgs ^)" (?MyForm_Load@MyForm@WinForm@@$$FA$AAMXP$AAVObject@System@@P$AAVEventArgs@4@@Z)
     1>MyForm.obj : error LNK2019: ёё√ыър эр эхЁрчЁх°хээ√щ тэх°эшщ ёшьтюы "public: void __thiscall Polinom::AddElem(double,int)" (?AddElem@Polinom@@$$FQAEXNH@Z) т ЇєэъЎшш "private: void __clrcall WinForm::MyForm::button1_Click(class System::Object ^,class System::EventArgs ^)" (?button1_Click@MyForm@WinForm@@$$FA$AAMXP$AAVObject@System@@P$AAVEventArgs@4@@Z)
     1>MyForm.obj : error LNK2019: ёё√ыър эр эхЁрчЁх°хээ√щ тэх°эшщ ёшьтюы "class std::basic_ostream<char,struct std::char_traits<char> > & __cdecl operator<<(class std::basic_ostream<char,struct std::char_traits<char> > &,class Polinom &)" (??6@$$FYAAAV?$basic_ostream@DU?$char_traits@D@std@@@std@@AAV01@AAVPolinom@@@Z) т ЇєэъЎшш "private: void __clrcall WinForm::MyForm::button1_Click(class System::Object ^,class System::EventArgs ^)" (?button1_Click@MyForm@WinForm@@$$FA$AAMXP$AAVObject@System@@P$AAVEventArgs@4@@Z)
     1>MyForm.obj : error LNK2019: ёё√ыър эр эхЁрчЁх°хээ√щ тэх°эшщ ёшьтюы "public: class Polinom & __thiscall Polinom::operator+(class Polinom const &)const " (??HPolinom@@$$FQBEAAV0@ABV0@@Z) т ЇєэъЎшш "private: void __clrcall WinForm::MyForm::button5_Click(class System::Object ^,class System::EventArgs ^)" (?button5_Click@MyForm@WinForm@@$$FA$AAMXP$AAVObject@System@@P$AAVEventArgs@4@@Z)
     1>MyForm.obj : error LNK2019: ёё√ыър эр эхЁрчЁх°хээ√щ тэх°эшщ ёшьтюы "public: __thiscall Polinom::Polinom(class Polinom const &)" (??0Polinom@@$$FQAE@ABV0@@Z) т ЇєэъЎшш "private: void __clrcall WinForm::MyForm::button5_Click(class System::Object ^,class System::EventArgs ^)" (?button5_Click@MyForm@WinForm@@$$FA$AAMXP$AAVObject@System@@P$AAVEventArgs@4@@Z)
     1>MyForm.obj : error LNK2019: ёё√ыър эр эхЁрчЁх°хээ√щ тэх°эшщ ёшьтюы "public: __thiscall Polinom::~Polinom(void)" (??1Polinom@@$$FQAE@XZ) т ЇєэъЎшш "private: void __clrcall WinForm::MyForm::button5_Click(class System::Object ^,class System::EventArgs ^)" (?button5_Click@MyForm@WinForm@@$$FA$AAMXP$AAVObject@System@@P$AAVEventArgs@4@@Z)
     1>MyForm.obj : error LNK2019: ёё√ыър эр эхЁрчЁх°хээ√щ тэх°эшщ ёшьтюы "public: class Polinom & __thiscall Polinom::operator-(class Polinom const &)const " (??GPolinom@@$$FQBEAAV0@ABV0@@Z) т ЇєэъЎшш "private: void __clrcall WinForm::MyForm::button6_Click(class System::Object ^,class System::EventArgs ^)" (?button6_Click@MyForm@WinForm@@$$FA$AAMXP$AAVObject@System@@P$AAVEventArgs@4@@Z)
     1>MyForm.obj : error LNK2019: ёё√ыър эр эхЁрчЁх°хээ√щ тэх°эшщ ёшьтюы "public: class Polinom & __thiscall Polinom::operator*(class Polinom const &)const " (??DPolinom@@$$FQBEAAV0@ABV0@@Z) т ЇєэъЎшш "private: void __clrcall WinForm::MyForm::button7_Click(class System::Object ^,class System::EventArgs ^)" (?button7_Click@MyForm@WinForm@@$$FA$AAMXP$AAVObject@System@@P$AAVEventArgs@4@@Z)
     1>C:\Users\╠ръёшьър\Work\mp2-lab4-polinom\sln\vc9\Debug\WinForm.exe : fatal error LNK1120: эхЁрчЁх°хээ√ї тэх°эшї ¤ыхьхэЄют: 16
     1>Сборка проекта "C:\Users\Максимка\Work\mp2-lab4-polinom\sln\vc9\WinForm\WinForm.vcxproj" завершена (целевые объекты Build) с ошибкой.

Ошибка сборки.

Затраченное время: 00:00:03.74
